#
# A fatal error has been detected by the Java Runtime Environment:
#
#  SIGSEGV (0xb) at pc=0x0000000000000000, pid=797, tid=0x0000000000010207
#
# JRE version: OpenJDK Runtime Environment (8.0_152-b01) (build 1.8.0_152-release-1343-b01)
# Java VM: OpenJDK 64-Bit Server VM (25.152-b01 mixed mode bsd-amd64 compressed oops)
# Problematic frame:
# C  0x0000000000000000
#
# Failed to write core dump. Core dumps have been disabled. To enable core dumping, try "ulimit -c unlimited" before starting Java again
#
# If you would like to submit a bug report, please visit:
#   http://bugreport.java.com/bugreport/crash.jsp
#

---------------  T H R E A D  ---------------

Current thread is native thread

siginfo: si_signo: 11 (SIGSEGV), si_code: 1 (SEGV_MAPERR), si_addr: 0x0000000000000000

Registers:
RAX=0x000000011d6cb508, RBX=0x00000000000161b0, RCX=0x0000000000000010, RDX=0xfffffffffffffff0
RSP=0x00007000097259e8, RBP=0x0000700009725a90, RSI=0x0000000000000000, RDI=0x00007fa74b1bfc00
R8 =0x0000000000000200, R9 =0x00007fa74ac60230, R10=0x00007fa74c213e28, R11=0x0000000000000d70
R12=0x0000000000000200, R13=0x00007fa74b1bfc00, R14=0x00007fa74ac5f4c0, R15=0x0000000000000800
RIP=0x0000000000000000, EFLAGS=0x0000000000010246, ERR=0x0000000000000014
  TRAPNO=0x000000000000000e

Top of Stack: (sp=0x00007000097259e8)
0x00007000097259e8:   000000011d69d639 000000010fde8000
0x00007000097259f8:   0000000000000001 00007fa74b1c7db0
0x0000700009725a08:   000000011b3b7010 00007fa74b1c5db0
0x0000700009725a18:   00000200bbc8250a 0000000000000000
0x0000700009725a28:   0000000000000800 0000000000000200
0x0000700009725a38:   00007fa74b1c3db0 00007fa74b1bfc00
0x0000700009725a48:   0000020000000000 0000000000000003
0x0000700009725a58:   000000000000037f 7180c4699ca60067
0x0000700009725a68:   00007fa74af48220 0000000000000200
0x0000700009725a78:   00007fa74af48138 00007fa74ac5f4c0
0x0000700009725a88:   00007fa74ac60230 0000700009725aa0
0x0000700009725a98:   000000011d6ad2ef 0000700009725b20
0x0000700009725aa8:   000000011d6f41f9 000000010fde8000
0x0000700009725ab8:   00007fa74af48298 00007fa74c213c00
0x0000700009725ac8:   00007fa74c213df8 00007fa74af48220
0x0000700009725ad8:   0000000000000001 0000700009725c58
0x0000700009725ae8:   0000700009725c38 0000020000000000
0x0000700009725af8:   0000700009725c38 00007fa74c213c00
0x0000700009725b08:   00007fa74af480c0 00007fa74ac5f5b0
0x0000700009725b18:   0000000000000200 0000700009725b70
0x0000700009725b28:   000000011d801084 0000700009725c10
0x0000700009725b38:   0000700009725c58 0000000009725b60
0x0000700009725b48:   0000000000000000 00007fa74c213c00
0x0000700009725b58:   0000000000000000 0000000000000200
0x0000700009725b68:   00007fa74ac5f5b0 0000700009725be0
0x0000700009725b78:   000000011d800d84 00007fa74ac5f5b0
0x0000700009725b88:   00007fa74af480c0 0000700009725c38
0x0000700009725b98:   00007fa74ac5f5b0 00001fa06de09cb2
0x0000700009725ba8:   0000700009725c58 00009fe000000000
0x0000700009725bb8:   00007fa74c213c00 00007fa74ac5f5b0
0x0000700009725bc8:   00007fa74ac4d030 0000000000000200
0x0000700009725bd8:   0000000000000200 0000700009725cd0 

Instructions: (pc=0x0000000000000000)
0xffffffffffffffe0:   

Register to memory mapping:

RAX=